#
# A fatal error has been detected by the Java Runtime Environment:
#
#  EXCEPTION_ACCESS_VIOLATION (0xc0000005) at pc=0x00007ffd2fc5d65a, pid=17844, tid=17084
#
# JRE version: OpenJDK Runtime Environment (17.0.2+8) (build 17.0.2+8-86)
# Java VM: OpenJDK 64-Bit Server VM (17.0.2+8-86, mixed mode, sharing, tiered, compressed oops, compressed class ptrs, g1 gc, windows-amd64)
# Problematic frame:
# V  [jvm.dll+0x73d65a]
#
# No core dump will be written. Minidumps are not enabled by default on client versions of Windows
#
# If you would like to submit a bug report, please visit:
#   https://bugreport.java.com/bugreport/crash.jsp
#

---------------  S U M M A R Y ------------

Command Line: -XX:+ShowCodeDetailsInExceptionMessages -agentlib:jdwp=transport=dt_socket,suspend=y,address=localhost:59872 -ea -javaagent:C:\Users\SupratimC\eclipse\java-2023-09\eclipse\configuration\org.eclipse.osgi\252\0\.cp\lib\javaagent-shaded.jar -Dfile.encoding=UTF-8 -Dstdout.encoding=UTF-8 -Dstderr.encoding=UTF-8 org.eclipse.jdt.internal.junit.runner.RemoteTestRunner -version 3 -port 59871 -testLoaderClass org.eclipse.jdt.internal.junit5.runner.JUnit5TestLoader -loaderpluginname org.eclipse.jdt.junit5.runtime -classNames com.java.student.fee.management.controller.StudentDetailsControllerTest

Host: 12th Gen Intel(R) Core(TM) i7-1255U, 12 cores, 15G,  Windows 11 , 64 bit Build 22621 (10.0.22621.3235)
Time: Sat Mar 23 16:20:47 2024 Arabian Standard Time elapsed time: 57.429388 seconds (0d 0h 0m 57s)

---------------  T H R E A D  ---------------

Current thread (0x000002f96c32aef0):  JavaThread "JDWP Transport Listener: dt_socket" daemon [_thread_in_vm, id=17084, stack(0x000000ff00f00000,0x000000ff01000000)]

Stack: [0x000000ff00f00000,0x000000ff01000000],  sp=0x000000ff00fff180,  free space=1020k
Native frames: (J=compiled Java code, j=interpreted, Vv=VM code, C=native code)
V  [jvm.dll+0x73d65a]
V  [jvm.dll+0x504e0c]
V  [jvm.dll+0x4d0634]
C  [jdwp.dll+0x22e9f]


siginfo: EXCEPTION_ACCESS_VIOLATION (0xc0000005), reading address 0x00000000003a003c


Register to memory mapping:

RIP=0x00007ffd2fc5d65a jvm.dll
RAX=0x0000000000000037 is an unknown value
RBX=0x000002f96c000f72 points into unknown readable memory: 73 68 4d 61 70 3c
RCX=0x00000000003a0038 is an unknown value
RDX=0x000002f973156f70 points into unknown readable memory: 0x76616a2f6d6f634c | 4c 63 6f 6d 2f 6a 61 76
RSP=0x000000ff00fff180 is pointing into the stack for thread: 0x000002f96c32aef0
RBP=0x000002f96c317650 points into unknown readable memory: 0x0000000000000002 | 02 00 00 00 00 00 00 00
RSI=0x0 is NULL
RDI=0xffffffffffffffff is an unknown value
R8 =0x00000000000002ac is an unknown value
R9 =0x0000000000000040 is an unknown value
R10=0x0000000000000280 is an unknown value
R11=0x000000ff00fff1a0 is pointing into the stack for thread: 0x000002f96c32aef0
R12=0x000000ff00fff2d8 is pointing into the stack for thread: 0x000002f96c32aef0
R13=0x0 is NULL
R14=0x0000000801026548 is a pointer to class: 
com.java.student.fee.management.mapper.MobileNumberDeserializer {0x0000000801026550}
 - instance size:     3
 - klass size:        150
 - access:            public synchronized 
 - state:             fully_initialized
 - name:              'com/java/student/fee/management/mapper/MobileNumberDeserializer'
 - super:             'com/fasterxml/jackson/databind/deser/std/StdDeserializer'
 - sub:               
 - arrays:            NULL
 - methods:           Array<T>(0x000002f97615f810)
 - method ordering:   Array<T>(0x000002f97615fb08)
 - default_methods:   Array<T>(0x0000000000000000)
 - local interfaces:  Array<T>(0x00000008005cf2a8)
 - trans. interfaces: Array<T>(0x000002f9755f67e0)
 - constants:         constant pool [88] {0x000002f97615fbc0} for 'com/java/student/fee/management/mapper/MobileNumberDeserializer' cache=0x000002f97615fec0
 - class loader data:  loader data: 0x000002f96c2bd1d0 for instance a 'jdk/internal/loader/ClassLoaders$AppClassLoader'{0x0000000705d2e570}
 - source file:       'MobileNumberDeserializer.java'
 - source debug extension:       SMAP
MobileNumberDeserializer.java
Java
*S jdt
*F
1 MobileNumberDeserializer.java
2 file:/C:/Personal%20Workspace/student-fee-management/target/classes/
*L
*E

 - class annotations:       Array<T>(0x0000000000000000)
 - class type annotations:  Array<T>(0x0000000000000000)
 - field annotations:       Array<T>(0x000002f97615f7d8)
 - field type annotations:  Array<T>(0x0000000000000000)
 - previous version:  constant pool [83] {0x000002f9760aae68} for 'com/java/student/fee/management/mapper/MobileNumberDeserializer' (extra) cache=0x000002f9760e2b18
 - generic signature: '
[error occurred during error reporting (printing register info), id 0xc0000005, EXCEPTION_ACCESS_VIOLATION (0xc0000005) at pc=0x00007ffd2fc5e266]

Registers:
RAX=0x0000000000000037, RBX=0x000002f96c000f72, RCX=0x00000000003a0038, RDX=0x000002f973156f70
RSP=0x000000ff00fff180, RBP=0x000002f96c317650, RSI=0x0000000000000000, RDI=0xffffffffffffffff
R8 =0x00000000000002ac, R9 =0x0000000000000040, R10=0x0000000000000280, R11=0x000000ff00fff1a0
R12=0x000000ff00fff2d8, R13=0x0000000000000000, R14=0x0000000801026548, R15=0x000000ff00fff300
RIP=0x00007ffd2fc5d65a, EFLAGS=0x0000000000010202

Top of Stack: (sp=0x000000ff00fff180)
0x000000ff00fff180:   000000000000003f 0000000801026548
0x000000ff00fff190:   000002f96e3c4d00 00007ffda36eab11
0x000000ff00fff1a0:   ffffffffffffffff 00007ffd2fa24e0c
0x000000ff00fff1b0:   000002f96c000f72 000002f96c000f30
0x000000ff00fff1c0:   000002f96c317650 0000000000000000
0x000000ff00fff1d0:   000002f96c000ee0 00000000000003d8
0x000000ff00fff1e0:   000002f96c000ef0 000002f96c0012c8
0x000000ff00fff1f0:   000000000000c801 000000ff00fff2d8
0x000000ff00fff200:   0000000000000007 000002f96c32b198
0x000000ff00fff210:   0000000714f10480 00007ffd2f9f0634
0x000000ff00fff220:   000002f96c32aef0 000000ff00fff300
0x000000ff00fff230:   000002f9492403e0 000000ff00fff300
0x000000ff00fff240:   000002f96c32aef0 0000000000000000
0x000000ff00fff250:   0000000000000000 0000000000000000
0x000000ff00fff260:   000002f96c32f3e8 00007ffd6c532e9f
0x000000ff00fff270:   000000ff00fff2f8 00007ffd6c541830 

Instructions: (pc=0x00007ffd2fc5d65a)
0x00007ffd2fc5d55a:   48 83 c4 20 5f e9 8c 75 96 ff cc cc cc cc cc cc
0x00007ffd2fc5d56a:   cc cc cc cc cc cc 48 89 5c 24 08 57 48 83 ec 20
0x00007ffd2fc5d57a:   83 fa 02 8d 42 06 b9 08 00 00 00 49 8b d8 0f 4e
0x00007ffd2fc5d58a:   c1 48 63 c8 48 83 c1 07 83 e1 f8 48 63 f9 49 8b
0x00007ffd2fc5d59a:   48 18 48 8b c7 48 f7 d0 48 3b c1 73 16 4c 8d 05
0x00007ffd2fc5d5aa:   8a 52 17 00 48 8b d7 48 8b cb e8 97 d8 96 ff 48
0x00007ffd2fc5d5ba:   8b 4b 18 48 8d 04 39 48 3b 43 20 76 18 45 33 c0
0x00007ffd2fc5d5ca:   48 8b d7 48 8b cb 48 8b 5c 24 30 48 83 c4 20 5f
0x00007ffd2fc5d5da:   e9 f1 d4 96 ff 48 89 43 18 48 8b c1 48 8b 5c 24
0x00007ffd2fc5d5ea:   30 48 83 c4 20 5f c3 cc cc cc cc cc cc cc cc cc
0x00007ffd2fc5d5fa:   cc cc cc cc cc cc 4c 8b d2 4c 8b d9 45 85 c0 7e
0x00007ffd2fc5d60a:   3c 44 0f b7 49 04 41 8d 40 ff 41 3b c1 44 0f 4c
0x00007ffd2fc5d61a:   c8 4d 63 c1 45 85 c9 7e 1f 48 8b c2 4c 2b da 49
0x00007ffd2fc5d62a:   8b d0 0f 1f 40 00 41 0f b6 4c 03 06 88 08 48 8d
0x00007ffd2fc5d63a:   40 01 48 83 ea 01 75 ee 43 c6 04 10 00 49 8b c2
0x00007ffd2fc5d64a:   c3 cc cc cc cc cc 48 89 5c 24 08 57 48 83 ec 20
0x00007ffd2fc5d65a:   0f b7 59 04 48 8b f9 33 d2 48 8d 4b 01 e8 44 96
0x00007ffd2fc5d66a:   f8 ff 0f b7 57 04 4c 8b c0 3b da 0f 42 d3 44 8b
0x00007ffd2fc5d67a:   ca 85 d2 74 39 48 2b f8 0f 1f 40 00 66 66 0f 1f
0x00007ffd2fc5d68a:   84 00 00 00 00 00 0f b6 4c 07 06 88 08 48 ff c0
0x00007ffd2fc5d69a:   48 8b c8 49 2b c8 49 3b c9 7c eb 42 c6 04 02 00
0x00007ffd2fc5d6aa:   49 8b c0 48 8b 5c 24 30 48 83 c4 20 5f c3 48 8b
0x00007ffd2fc5d6ba:   5c 24 30 c6 04 02 00 48 83 c4 20 5f c3 cc cc cc
0x00007ffd2fc5d6ca:   cc cc cc cc cc cc 4c 8b d1 45 85 c0 7e 6c 44 0f
0x00007ffd2fc5d6da:   b7 49 04 41 8d 40 ff 41 3b c1 44 0f 4c c8 4d 63
0x00007ffd2fc5d6ea:   d9 45 85 c9 7e 22 48 8b ca 4c 2b d2 4d 8b c3 0f
0x00007ffd2fc5d6fa:   1f 80 00 00 00 00 41 0f b6 44 0a 06 88 01 48 8d
0x00007ffd2fc5d70a:   49 01 49 83 e8 01 75 ee 41 c6 04 13 00 48 c7 c0
0x00007ffd2fc5d71a:   ff ff ff ff 66 90 48 ff c0 80 3c 02 00 75 f7 48
0x00007ffd2fc5d72a:   63 c8 85 c0 48 8b c2 7e 14 80 38 2f 75 03 c6 00
0x00007ffd2fc5d73a:   2e 48 ff c0 48 83 e9 01 75 ef 48 8b c2 c3 cc cc
0x00007ffd2fc5d74a:   cc cc cc cc cc cc 48 83 ec 28 e8 f7 fe ff ff 4c 


Stack slot to memory mapping:
stack at sp + 0 slots: 0x000000000000003f is an unknown value
stack at sp + 1 slots: 0x0000000801026548 is a pointer to class: 
com.java.student.fee.management.mapper.MobileNumberDeserializer {0x0000000801026550}
 - instance size:     3
 - klass size:        150
 - access:            public synchronized 
 - state:             fully_initialized
 - name:              'com/java/student/fee/management/mapper/MobileNumberDeserializer'
 - super:             'com/fasterxml/jackson/databind/deser/std/StdDeserializer'
 - sub:               
 - arrays:            NULL
 - methods:           Array<T>(0x000002f97615f810)
 - method ordering:   Array<T>(0x000002f97615fb08)
 - default_methods:   Array<T>(0x0000000000000000)
 - local interfaces:  Array<T>(0x00000008005cf2a8)
 - trans. interfaces: Array<T>(0x000002f9755f67e0)
 - constants:         constant pool [88] {0x000002f97615fbc0} for 'com/java/student/fee/management/mapper/MobileNumberDeserializer' cache=0x000002f97615fec0
 - class loader data:  loader data: 0x000002f96c2bd1d0 for instance a 'jdk/internal/loader/ClassLoaders$AppClassLoader'{0x0000000705d2e570}
 - source file:       'MobileNumberDeserializer.java'
 - source debug extension:       SMAP
MobileNumberDeserializer.java
Java
*S jdt
*F
1 MobileNumberDeserializer.java
2 file:/C:/Personal%20Workspace/student-fee-management/target/classes/
*L
*E

 - class annotations:       Array<T>(0x0000000000000000)
 - class type annotations:  Array<T>(0x0000000000000000)
 - field annotations:       Array<T>(0x000002f97615f7d8)
 - field type annotations:  Array<T>(0x0000000000000000)
 - previous version:  constant pool [83] {0x000002f9760aae68} for 'com/java/student/fee/management/mapper/MobileNumberDeserializer' (extra) cache=0x000002f9760e2b18
 - generic signature: '
[error occurred during error reporting (inspecting top of stack), id 0xc0000005, EXCEPTION_ACCESS_VIOLATION (0xc0000005) at pc=0x00007ffd2fc5e266]


---------------  P R O C E S S  ---------------

Threads class SMR info:
_java_thread_list=0x000002f96c2d2430, length=16, elements={
0x000002f949250b60, 0x000002f96bfd7c90, 0x000002f96bfd8b00, 0x000002f96bfe97b0,
0x000002f96bfea770, 0x000002f96bfeb320, 0x000002f96bfedce0, 0x000002f96bff69d0,
0x000002f96bffa8c0, 0x000002f96bffd2c0, 0x000002f96c1b0130, 0x000002f96c32aef0,
0x000002f96c32dbb0, 0x000002f96c3343d0, 0x000002f96d882070, 0x000002f96d904270
}

Java Threads: ( => current thread )
  0x000002f949250b60 JavaThread "main" [_thread_blocked, id=13868, stack(0x000000ff7fd00000,0x000000ff7fe00000)]
  0x000002f96bfd7c90 JavaThread "Reference Handler" daemon [_thread_blocked, id=4884, stack(0x000000ff00400000,0x000000ff00500000)]
  0x000002f96bfd8b00 JavaThread "Finalizer" daemon [_thread_blocked, id=24764, stack(0x000000ff00500000,0x000000ff00600000)]
  0x000002f96bfe97b0 JavaThread "Signal Dispatcher" daemon [_thread_blocked, id=12132, stack(0x000000ff00600000,0x000000ff00700000)]
  0x000002f96bfea770 JavaThread "Attach Listener" daemon [_thread_blocked, id=7036, stack(0x000000ff00700000,0x000000ff00800000)]
  0x000002f96bfeb320 JavaThread "Service Thread" daemon [_thread_blocked, id=26516, stack(0x000000ff00800000,0x000000ff00900000)]
  0x000002f96bfedce0 JavaThread "Monitor Deflation Thread" daemon [_thread_blocked, id=24840, stack(0x000000ff00900000,0x000000ff00a00000)]
  0x000002f96bff69d0 JavaThread "C2 CompilerThread0" daemon [_thread_blocked, id=352, stack(0x000000ff00a00000,0x000000ff00b00000)]
  0x000002f96bffa8c0 JavaThread "C1 CompilerThread0" daemon [_thread_blocked, id=21304, stack(0x000000ff00b00000,0x000000ff00c00000)]
  0x000002f96bffd2c0 JavaThread "Sweeper thread" daemon [_thread_blocked, id=3748, stack(0x000000ff00c00000,0x000000ff00d00000)]
  0x000002f96c1b0130 JavaThread "Common-Cleaner" daemon [_thread_blocked, id=23452, stack(0x000000ff00d00000,0x000000ff00e00000)]
=>0x000002f96c32aef0 JavaThread "JDWP Transport Listener: dt_socket" daemon [_thread_in_vm, id=17084, stack(0x000000ff00f00000,0x000000ff01000000)]
  0x000002f96c32dbb0 JavaThread "JDWP Event Helper Thread" daemon [_thread_blocked, id=27584, stack(0x000000ff01000000,0x000000ff01100000)]
  0x000002f96c3343d0 JavaThread "JDWP Command Reader" daemon [_thread_in_native, id=17876, stack(0x000000ff01100000,0x000000ff01200000)]
  0x000002f96d882070 JavaThread "Notification Thread" daemon [_thread_blocked, id=14224, stack(0x000000ff01300000,0x000000ff01400000)]
  0x000002f96d904270 JavaThread "ReaderThread" [_thread_in_native, id=22612, stack(0x000000ff01500000,0x000000ff01600000)]

Other Threads:
  0x000002f96bfd13e0 VMThread "VM Thread" [stack: 0x000000ff00300000,0x000000ff00400000] [id=23864]
  0x000002f96d587eb0 WatcherThread [stack: 0x000000ff01400000,0x000000ff01500000] [id=27460]
  0x000002f94929f150 GCTaskThread "GC Thread#0" [stack: 0x000000ff7fe00000,0x000000ff7ff00000] [id=5812]
  0x000002f96db0c670 GCTaskThread "GC Thread#1" [stack: 0x000000ff01600000,0x000000ff01700000] [id=6816]
  0x000002f96db0c920 GCTaskThread "GC Thread#2" [stack: 0x000000ff01700000,0x000000ff01800000] [id=28532]
  0x000002f96db0eff0 GCTaskThread "GC Thread#3" [stack: 0x000000ff01800000,0x000000ff01900000] [id=24808]
  0x000002f96db112b0 GCTaskThread "GC Thread#4" [stack: 0x000000ff01900000,0x000000ff01a00000] [id=24204]
  0x000002f96db11560 GCTaskThread "GC Thread#5" [stack: 0x000000ff01a00000,0x000000ff01b00000] [id=14320]
  0x000002f96dc5cdb0 GCTaskThread "GC Thread#6" [stack: 0x000000ff01b00000,0x000000ff01c00000] [id=4268]
  0x000002f96dbc1e80 GCTaskThread "GC Thread#7" [stack: 0x000000ff01200000,0x000000ff01300000] [id=6532]
  0x000002f96dbc2130 GCTaskThread "GC Thread#8" [stack: 0x000000ff01c00000,0x000000ff01d00000] [id=7632]
  0x000002f96dbc23e0 GCTaskThread "GC Thread#9" [stack: 0x000000ff01d00000,0x000000ff01e00000] [id=6576]
  0x000002f9492afae0 ConcurrentGCThread "G1 Main Marker" [stack: 0x000000ff7ff00000,0x000000ff80000000] [id=3428]
  0x000002f9492b04f0 ConcurrentGCThread "G1 Conc#0" [stack: 0x000000ff00000000,0x000000ff00100000] [id=11952]
  0x000002f96e3b8db0 ConcurrentGCThread "G1 Conc#1" [stack: 0x000000ff01f00000,0x000000ff02000000] [id=10120]
  0x000002f96e3b8850 ConcurrentGCThread "G1 Conc#2" [stack: 0x000000ff02000000,0x000000ff02100000] [id=11980]
  0x000002f9492de840 ConcurrentGCThread "G1 Refine#0" [stack: 0x000000ff00100000,0x000000ff00200000] [id=6504]
  0x000002f96bf0c4c0 ConcurrentGCThread "G1 Service" [stack: 0x000000ff00200000,0x000000ff00300000] [id=14056]

Threads with active compile tasks:

VM state: not at safepoint (normal execution)

VM Mutex/Monitor currently owned by a thread: None

Heap address: 0x0000000705a00000, size: 4006 MB, Compressed Oops mode: Zero based, Oop shift amount: 3

CDS archive(s) mapped at: [0x0000000800000000-0x0000000800bc0000-0x0000000800bc0000), size 12320768, SharedBaseAddress: 0x0000000800000000, ArchiveRelocationMode: 0.
Compressed class space mapped at: 0x0000000800c00000-0x0000000840c00000, reserved size: 1073741824
Narrow klass base: 0x0000000800000000, Narrow klass shift: 0, Narrow klass range: 0x100000000

GC Precious Log:
 CPUs: 12 total, 12 available
 Memory: 16016M
 Large Page Support: Disabled
 NUMA Support: Disabled
 Compressed Oops: Enabled (Zero based)
 Heap Region Size: 2M
 Heap Min Capacity: 8M
 Heap Initial Capacity: 252M
 Heap Max Capacity: 4006M
 Pre-touch: Disabled
 Parallel Workers: 10
 Concurrent Workers: 3
 Concurrent Refinement Workers: 10
 Periodic GC: Disabled

Heap:
 garbage-first heap   total 157696K, used 27637K [0x0000000705a00000, 0x0000000800000000)
  region size 2048K, 9 young (18432K), 1 survivors (2048K)
 Metaspace       used 29159K, committed 29504K, reserved 1081344K
  class space    used 4015K, committed 4160K, reserved 1048576K

Heap Regions: E=young(eden), S=young(survivor), O=old, HS=humongous(starts), HC=humongous(continues), CS=collection set, F=free, OA=open archive, CA=closed archive, TAMS=top-at-mark-start (previous, next)
|   0|0x0000000705a00000, 0x0000000705c00000, 0x0000000705c00000|100%| O|  |TAMS 0x0000000705c00000, 0x0000000705a00000| Untracked 
|   1|0x0000000705c00000, 0x0000000705e00000, 0x0000000705e00000|100%| O|  |TAMS 0x0000000705e00000, 0x0000000705c00000| Untracked 
|   2|0x0000000705e00000, 0x0000000706000000, 0x0000000706000000|100%| O|  |TAMS 0x0000000706000000, 0x0000000705e00000| Untracked 
|   3|0x0000000706000000, 0x0000000706000000, 0x0000000706200000|  0%| F|  |TAMS 0x0000000706000000, 0x0000000706000000| Untracked 
|   4|0x0000000706200000, 0x0000000706400000, 0x0000000706400000|100%| O|  |TAMS 0x0000000706200000, 0x0000000706200000| Untracked 
|   5|0x0000000706400000, 0x0000000706600000, 0x0000000706600000|100%| O|  |TAMS 0x0000000706400000, 0x0000000706400000| Untracked 
|   6|0x0000000706600000, 0x000000070673aa00, 0x0000000706800000| 61%| O|  |TAMS 0x0000000706600000, 0x0000000706600000| Untracked 
|   7|0x0000000706800000, 0x0000000706800000, 0x0000000706a00000|  0%| F|  |TAMS 0x0000000706800000, 0x0000000706800000| Untracked 
|   8|0x0000000706a00000, 0x0000000706a00000, 0x0000000706c00000|  0%| F|  |TAMS 0x0000000706a00000, 0x0000000706a00000| Untracked 
|   9|0x0000000706c00000, 0x0000000706c00000, 0x0000000706e00000|  0%| F|  |TAMS 0x0000000706c00000, 0x0000000706c00000| Untracked 
|  10|0x0000000706e00000, 0x0000000706e00000, 0x0000000707000000|  0%| F|  |TAMS 0x0000000706e00000, 0x0000000706e00000| Untracked 
|  11|0x0000000707000000, 0x0000000707000000, 0x0000000707200000|  0%| F|  |TAMS 0x0000000707000000, 0x0000000707000000| Untracked 
|  12|0x0000000707200000, 0x00000007073c2b10, 0x0000000707400000| 88%| S|CS|TAMS 0x0000000707200000, 0x0000000707200000| Complete 
|  13|0x0000000707400000, 0x0000000707400000, 0x0000000707600000|  0%| F|  |TAMS 0x0000000707400000, 0x0000000707400000| Untracked 
|  14|0x0000000707600000, 0x0000000707600000, 0x0000000707800000|  0%| F|  |TAMS 0x0000000707600000, 0x0000000707600000| Untracked 
|  15|0x0000000707800000, 0x0000000707800000, 0x0000000707a00000|  0%| F|  |TAMS 0x0000000707800000, 0x0000000707800000| Untracked 
|  16|0x0000000707a00000, 0x0000000707a00000, 0x0000000707c00000|  0%| F|  |TAMS 0x0000000707a00000, 0x0000000707a00000| Untracked 
|  17|0x0000000707c00000, 0x0000000707c00000, 0x0000000707e00000|  0%| F|  |TAMS 0x0000000707c00000, 0x0000000707c00000| Untracked 
|  18|0x0000000707e00000, 0x0000000707e00000, 0x0000000708000000|  0%| F|  |TAMS 0x0000000707e00000, 0x0000000707e00000| Untracked 
|  19|0x0000000708000000, 0x0000000708000000, 0x0000000708200000|  0%| F|  |TAMS 0x0000000708000000, 0x0000000708000000| Untracked 
|  20|0x0000000708200000, 0x0000000708200000, 0x0000000708400000|  0%| F|  |TAMS 0x0000000708200000, 0x0000000708200000| Untracked 
|  21|0x0000000708400000, 0x0000000708400000, 0x0000000708600000|  0%| F|  |TAMS 0x0000000708400000, 0x0000000708400000| Untracked 
|  22|0x0000000708600000, 0x0000000708600000, 0x0000000708800000|  0%| F|  |TAMS 0x0000000708600000, 0x0000000708600000| Untracked 
|  23|0x0000000708800000, 0x0000000708800000, 0x0000000708a00000|  0%| F|  |TAMS 0x0000000708800000, 0x0000000708800000| Untracked 
|  24|0x0000000708a00000, 0x0000000708a00000, 0x0000000708c00000|  0%| F|  |TAMS 0x0000000708a00000, 0x0000000708a00000| Untracked 
|  25|0x0000000708c00000, 0x0000000708c00000, 0x0000000708e00000|  0%| F|  |TAMS 0x0000000708c00000, 0x0000000708c00000| Untracked 
|  26|0x0000000708e00000, 0x0000000708e00000, 0x0000000709000000|  0%| F|  |TAMS 0x0000000708e00000, 0x0000000708e00000| Untracked 
|  27|0x0000000709000000, 0x0000000709000000, 0x0000000709200000|  0%| F|  |TAMS 0x0000000709000000, 0x0000000709000000| Untracked 
|  28|0x0000000709200000, 0x0000000709200000, 0x0000000709400000|  0%| F|  |TAMS 0x0000000709200000, 0x0000000709200000| Untracked 
|  29|0x0000000709400000, 0x0000000709400000, 0x0000000709600000|  0%| F|  |TAMS 0x0000000709400000, 0x0000000709400000| Untracked 
|  30|0x0000000709600000, 0x0000000709600000, 0x0000000709800000|  0%| F|  |TAMS 0x0000000709600000, 0x0000000709600000| Untracked 
|  31|0x0000000709800000, 0x0000000709800000, 0x0000000709a00000|  0%| F|  |TAMS 0x0000000709800000, 0x0000000709800000| Untracked 
|  32|0x0000000709a00000, 0x0000000709a00000, 0x0000000709c00000|  0%| F|  |TAMS 0x0000000709a00000, 0x0000000709a00000| Untracked 
|  33|0x0000000709c00000, 0x0000000709c00000, 0x0000000709e00000|  0%| F|  |TAMS 0x0000000709c00000, 0x0000000709c00000| Untracked 
|  34|0x0000000709e00000, 0x0000000709e00000, 0x000000070a000000|  0%| F|  |TAMS 0x0000000709e00000, 0x0000000709e00000| Untracked 
|  35|0x000000070a000000, 0x000000070a000000, 0x000000070a200000|  0%| F|  |TAMS 0x000000070a000000, 0x000000070a000000| Untracked 
|  36|0x000000070a200000, 0x000000070a200000, 0x000000070a400000|  0%| F|  |TAMS 0x000000070a200000, 0x000000070a200000| Untracked 
|  37|0x000000070a400000, 0x000000070a400000, 0x000000070a600000|  0%| F|  |TAMS 0x000000070a400000, 0x000000070a400000| Untracked 
|  38|0x000000070a600000, 0x000000070a600000, 0x000000070a800000|  0%| F|  |TAMS 0x000000070a600000, 0x000000070a600000| Untracked 
|  39|0x000000070a800000, 0x000000070a800000, 0x000000070aa00000|  0%| F|  |TAMS 0x000000070a800000, 0x000000070a800000| Untracked 
|  40|0x000000070aa00000, 0x000000070aa00000, 0x000000070ac00000|  0%| F|  |TAMS 0x000000070aa00000, 0x000000070aa00000| Untracked 
|  41|0x000000070ac00000, 0x000000070ac00000, 0x000000070ae00000|  0%| F|  |TAMS 0x000000070ac00000, 0x000000070ac00000| Untracked 
|  42|0x000000070ae00000, 0x000000070ae00000, 0x000000070b000000|  0%| F|  |TAMS 0x000000070ae00000, 0x000000070ae00000| Untracked 
|  43|0x000000070b000000, 0x000000070b000000, 0x000000070b200000|  0%| F|  |TAMS 0x000000070b000000, 0x000000070b000000| Untracked 
|  44|0x000000070b200000, 0x000000070b200000, 0x000000070b400000|  0%| F|  |TAMS 0x000000070b200000, 0x000000070b200000| Untracked 
|  45|0x000000070b400000, 0x000000070b400000, 0x000000070b600000|  0%| F|  |TAMS 0x000000070b400000, 0x000000070b400000| Untracked 
|  46|0x000000070b600000, 0x000000070b600000, 0x000000070b800000|  0%| F|  |TAMS 0x000000070b600000, 0x000000070b600000| Untracked 
|  47|0x000000070b800000, 0x000000070b800000, 0x000000070ba00000|  0%| F|  |TAMS 0x000000070b800000, 0x000000070b800000| Untracked 
|  48|0x000000070ba00000, 0x000000070ba00000, 0x000000070bc00000|  0%| F|  |TAMS 0x000000070ba00000, 0x000000070ba00000| Untracked 
|  49|0x000000070bc00000, 0x000000070bc00000, 0x000000070be00000|  0%| F|  |TAMS 0x000000070bc00000, 0x000000070bc00000| Untracked 
|  50|0x000000070be00000, 0x000000070be00000, 0x000000070c000000|  0%| F|  |TAMS 0x000000070be00000, 0x000000070be00000| Untracked 
|  51|0x000000070c000000, 0x000000070c000000, 0x000000070c200000|  0%| F|  |TAMS 0x000000070c000000, 0x000000070c000000| Untracked 
|  52|0x000000070c200000, 0x000000070c200000, 0x000000070c400000|  0%| F|  |TAMS 0x000000070c200000, 0x000000070c200000| Untracked 
|  53|0x000000070c400000, 0x000000070c400000, 0x000000070c600000|  0%| F|  |TAMS 0x000000070c400000, 0x000000070c400000| Untracked 
|  54|0x000000070c600000, 0x000000070c600000, 0x000000070c800000|  0%| F|  |TAMS 0x000000070c600000, 0x000000070c600000| Untracked 
|  55|0x000000070c800000, 0x000000070c800000, 0x000000070ca00000|  0%| F|  |TAMS 0x000000070c800000, 0x000000070c800000| Untracked 
|  56|0x000000070ca00000, 0x000000070ca00000, 0x000000070cc00000|  0%| F|  |TAMS 0x000000070ca00000, 0x000000070ca00000| Untracked 
|  57|0x000000070cc00000, 0x000000070cc00000, 0x000000070ce00000|  0%| F|  |TAMS 0x000000070cc00000, 0x000000070cc00000| Untracked 
|  58|0x000000070ce00000, 0x000000070ce00000, 0x000000070d000000|  0%| F|  |TAMS 0x000000070ce00000, 0x000000070ce00000| Untracked 
|  59|0x000000070d000000, 0x000000070d000000, 0x000000070d200000|  0%| F|  |TAMS 0x000000070d000000, 0x000000070d000000| Untracked 
|  60|0x000000070d200000, 0x000000070d200000, 0x000000070d400000|  0%| F|  |TAMS 0x000000070d200000, 0x000000070d200000| Untracked 
|  61|0x000000070d400000, 0x000000070d400000, 0x000000070d600000|  0%| F|  |TAMS 0x000000070d400000, 0x000000070d400000| Untracked 
|  62|0x000000070d600000, 0x000000070d600000, 0x000000070d800000|  0%| F|  |TAMS 0x000000070d600000, 0x000000070d600000| Untracked 
|  63|0x000000070d800000, 0x000000070d800000, 0x000000070da00000|  0%| F|  |TAMS 0x000000070d800000, 0x000000070d800000| Untracked 
|  64|0x000000070da00000, 0x000000070da00000, 0x000000070dc00000|  0%| F|  |TAMS 0x000000070da00000, 0x000000070da00000| Untracked 
|  65|0x000000070dc00000, 0x000000070dc00000, 0x000000070de00000|  0%| F|  |TAMS 0x000000070dc00000, 0x000000070dc00000| Untracked 
|  66|0x000000070de00000, 0x000000070de00000, 0x000000070e000000|  0%| F|  |TAMS 0x000000070de00000, 0x000000070de00000| Untracked 
|  67|0x000000070e000000, 0x000000070e000000, 0x000000070e200000|  0%| F|  |TAMS 0x000000070e000000, 0x000000070e000000| Untracked 
|  68|0x000000070e200000, 0x000000070e200000, 0x000000070e400000|  0%| F|  |TAMS 0x000000070e200000, 0x000000070e200000| Untracked 
|  69|0x000000070e400000, 0x000000070e5e7580, 0x000000070e600000| 95%| E|  |TAMS 0x000000070e400000, 0x000000070e400000| Complete 
|  70|0x000000070e600000, 0x000000070e800000, 0x000000070e800000|100%| E|CS|TAMS 0x000000070e600000, 0x000000070e600000| Complete 
|  71|0x000000070e800000, 0x000000070ea00000, 0x000000070ea00000|100%| E|CS|TAMS 0x000000070e800000, 0x000000070e800000| Complete 
|  72|0x000000070ea00000, 0x000000070ec00000, 0x000000070ec00000|100%| E|CS|TAMS 0x000000070ea00000, 0x000000070ea00000| Complete 
| 122|0x0000000714e00000, 0x0000000715000000, 0x0000000715000000|100%| E|CS|TAMS 0x0000000714e00000, 0x0000000714e00000| Complete 
| 123|0x0000000715000000, 0x0000000715200000, 0x0000000715200000|100%| E|CS|TAMS 0x0000000715000000, 0x0000000715000000| Complete 
| 124|0x0000000715200000, 0x0000000715400000, 0x0000000715400000|100%| E|CS|TAMS 0x0000000715200000, 0x0000000715200000| Complete 
| 125|0x0000000715400000, 0x0000000715600000, 0x0000000715600000|100%| E|CS|TAMS 0x0000000715400000, 0x0000000715400000| Complete 

Card table byte_map: [0x000002f960790000,0x000002f960f70000] _byte_map_base: 0x000002f95cf63000

Marking Bits (Prev, Next): (CMBitMap*) 0x000002f94929f7a0, (CMBitMap*) 0x000002f94929f760
 Prev Bits: [0x000002f9655f0000, 0x000002f969488000)
 Next Bits: [0x000002f961750000, 0x000002f9655e8000)

Polling page: 0x000002f946e10000

Metaspace:

Usage:
  Non-class:     24.55 MB used.
      Class:      3.92 MB used.
       Both:     28.48 MB used.

Virtual space:
  Non-class space:       32.00 MB reserved,      24.75 MB ( 77%) committed,  4 nodes.
      Class space:        1.00 GB reserved,       4.06 MB ( <1%) committed,  1 nodes.
             Both:        1.03 GB reserved,      28.81 MB (  3%) committed. 

Chunk freelists:
   Non-Class:  2.61 MB
       Class:  3.76 MB
        Both:  6.37 MB

MaxMetaspaceSize: unlimited
CompressedClassSpaceSize: 1.00 GB
Initial GC threshold: 21.00 MB
Current GC threshold: 35.12 MB
CDS: on
MetaspaceReclaimPolicy: balanced
 - commit_granule_bytes: 65536.
 - commit_granule_words: 8192.
 - virtual_space_node_default_size: 1048576.
 - enlarge_chunks_in_place: 1.
 - new_chunks_are_fully_committed: 0.
 - uncommit_free_chunks: 1.
 - use_allocation_guard: 0.
 - handle_deallocations: 1.


Internal statistics:

num_allocs_failed_limit: 3.
num_arena_births: 324.
num_arena_deaths: 0.
num_vsnodes_births: 5.
num_vsnodes_deaths: 0.
num_space_committed: 461.
num_space_uncommitted: 0.
num_chunks_returned_to_freelist: 3.
num_chunks_taken_from_freelist: 1304.
num_chunk_merges: 3.
num_chunk_splits: 916.
num_chunks_enlarged: 718.
num_purges: 0.
num_inconsistent_stats: 0.

CodeHeap 'non-profiled nmethods': size=120000Kb used=2501Kb max_used=2501Kb free=117498Kb
 bounds [0x000002f958520000, 0x000002f9587a0000, 0x000002f95fa50000]
CodeHeap 'profiled nmethods': size=120000Kb used=5998Kb max_used=5998Kb free=114001Kb
 bounds [0x000002f950ff0000, 0x000002f9515d0000, 0x000002f958520000]
CodeHeap 'non-nmethods': size=5760Kb used=1300Kb max_used=1389Kb free=4459Kb
 bounds [0x000002f950a50000, 0x000002f950cc0000, 0x000002f950ff0000]
 total_blobs=3258 nmethods=2719 adapters=451
 compilation: enabled
              stopped_count=0, restarted_count=0
 full_count=0

Compilation events (20 events):
Event: 4.406 Thread 0x000002f96bffa8c0 nmethod 2724 0x000002f9515ca190 code [0x000002f9515ca340, 0x000002f9515ca528]
Event: 4.416 Thread 0x000002f96bffa8c0 2726  s    3       java.io.ByteArrayInputStream::read (36 bytes)
Event: 4.416 Thread 0x000002f96bffa8c0 nmethod 2726 0x000002f9515ca610 code [0x000002f9515ca7c0, 0x000002f9515caa18]
Event: 4.420 Thread 0x000002f96bffa8c0 2727       1       java.lang.reflect.Method::getMethodAccessor (5 bytes)
Event: 4.420 Thread 0x000002f96bffa8c0 nmethod 2727 0x000002f958760c90 code [0x000002f958760e20, 0x000002f958760ef8]
Event: 4.425 Thread 0x000002f96bffa8c0 2728       3       java.lang.Character$UnicodeBlock::<init> (17 bytes)
Event: 4.425 Thread 0x000002f96bffa8c0 nmethod 2728 0x000002f9515cab10 code [0x000002f9515cad00, 0x000002f9515cb1b8]
Event: 4.425 Thread 0x000002f96bffa8c0 2729       3       java.lang.Character$Subset::<init> (24 bytes)
Event: 4.425 Thread 0x000002f96bffa8c0 nmethod 2729 0x000002f9515cb390 code [0x000002f9515cb540, 0x000002f9515cb828]
Event: 4.530 Thread 0x000002f96bff69d0 nmethod 2651 0x000002f958761290 code [0x000002f958761640, 0x000002f958766828]
Event: 4.530 Thread 0x000002f96bff69d0 2650       4       java.util.ArrayList::add (25 bytes)
Event: 4.538 Thread 0x000002f96bff69d0 nmethod 2650 0x000002f958768910 code [0x000002f958768aa0, 0x000002f958769318]
Event: 4.538 Thread 0x000002f96bff69d0 2718       4       java.lang.Object::equals (11 bytes)
Event: 4.538 Thread 0x000002f96bff69d0 nmethod 2718 0x000002f958769610 code [0x000002f958769780, 0x000002f958769818]
Event: 4.538 Thread 0x000002f96bff69d0 2717       4       java.lang.StringConcatHelper::newString (67 bytes)
Event: 4.538 Thread 0x000002f96bff69d0 nmethod 2717 0x000002f958769910 code [0x000002f958769aa0, 0x000002f958769b98]
Event: 4.539 Thread 0x000002f96bff69d0 2518       4       java.util.Collections$SetFromMap::remove (19 bytes)
Event: 4.544 Thread 0x000002f96bff69d0 nmethod 2518 0x000002f958769c90 code [0x000002f958769e20, 0x000002f95876a288]
Event: 4.566 Thread 0x000002f96e367020 nmethod 2697 0x000002f95876a610 code [0x000002f95876ac40, 0x000002f958773c68]
Event: 4.759 Thread 0x000002f96c4081f0 nmethod 2698 0x000002f958777c90 code [0x000002f958778320, 0x000002f958789fe0]

GC Heap History (16 events):
Event: 0.610 GC heap before
{Heap before GC invocations=0 (full 0):
 garbage-first heap   total 258048K, used 20480K [0x0000000705a00000, 0x0000000800000000)
  region size 2048K, 11 young (22528K), 0 survivors (0K)
 Metaspace       used 4280K, committed 4480K, reserved 1056768K
  class space    used 417K, committed 512K, reserved 1048576K
}
Event: 0.614 GC heap after
{Heap after GC invocations=1 (full 0):
 garbage-first heap   total 258048K, used 7353K [0x0000000705a00000, 0x0000000800000000)
  region size 2048K, 2 young (4096K), 2 survivors (4096K)
 Metaspace       used 4280K, committed 4480K, reserved 1056768K
  class space    used 417K, committed 512K, reserved 1048576K
}
Event: 1.395 GC heap before
{Heap before GC invocations=1 (full 0):
 garbage-first heap   total 258048K, used 33977K [0x0000000705a00000, 0x0000000800000000)
  region size 2048K, 15 young (30720K), 2 survivors (4096K)
 Metaspace       used 7845K, committed 8064K, reserved 1056768K
  class space    used 941K, committed 1024K, reserved 1048576K
}
Event: 1.400 GC heap after
{Heap after GC invocations=2 (full 0):
 garbage-first heap   total 258048K, used 8474K [0x0000000705a00000, 0x0000000800000000)
  region size 2048K, 1 young (2048K), 1 survivors (2048K)
 Metaspace       used 7845K, committed 8064K, reserved 1056768K
  class space    used 941K, committed 1024K, reserved 1048576K
}
Event: 3.462 GC heap before
{Heap before GC invocations=2 (full 0):
 garbage-first heap   total 258048K, used 160026K [0x0000000705a00000, 0x0000000800000000)
  region size 2048K, 75 young (153600K), 1 survivors (2048K)
 Metaspace       used 21149K, committed 21440K, reserved 1073152K
  class space    used 3027K, committed 3136K, reserved 1048576K
}
Event: 3.466 GC heap after
{Heap after GC invocations=3 (full 0):
 garbage-first heap   total 258048K, used 11578K [0x0000000705a00000, 0x0000000800000000)
  region size 2048K, 3 young (6144K), 3 survivors (6144K)
 Metaspace       used 21149K, committed 21440K, reserved 1073152K
  class space    used 3027K, committed 3136K, reserved 1048576K
}
Event: 3.481 GC heap before
{Heap before GC invocations=3 (full 0):
 garbage-first heap   total 258048K, used 11578K [0x0000000705a00000, 0x0000000800000000)
  region size 2048K, 4 young (8192K), 3 survivors (6144K)
 Metaspace       used 21220K, committed 21504K, reserved 1073152K
  class space    used 3040K, committed 3200K, reserved 1048576K
}
Event: 3.483 GC heap after
{Heap after GC invocations=4 (full 0):
 garbage-first heap   total 258048K, used 11691K [0x0000000705a00000, 0x0000000800000000)
  region size 2048K, 3 young (6144K), 3 survivors (6144K)
 Metaspace       used 21220K, committed 21504K, reserved 1073152K
  class space    used 3040K, committed 3200K, reserved 1048576K
}
Event: 3.792 GC heap before
{Heap before GC invocations=5 (full 0):
 garbage-first heap   total 55296K, used 38315K [0x0000000705a00000, 0x0000000800000000)
  region size 2048K, 16 young (32768K), 3 survivors (6144K)
 Metaspace       used 23438K, committed 23808K, reserved 1073152K
  class space    used 3290K, committed 3456K, reserved 1048576K
}
Event: 3.797 GC heap after
{Heap after GC invocations=6 (full 0):
 garbage-first heap   total 55296K, used 12571K [0x0000000705a00000, 0x0000000800000000)
  region size 2048K, 1 young (2048K), 1 survivors (2048K)
 Metaspace       used 23438K, committed 23808K, reserved 1073152K
  class space    used 3290K, committed 3456K, reserved 1048576K
}
Event: 3.827 GC heap before
{Heap before GC invocations=6 (full 0):
 garbage-first heap   total 55296K, used 14619K [0x0000000705a00000, 0x0000000800000000)
  region size 2048K, 2 young (4096K), 1 survivors (2048K)
 Metaspace       used 23622K, committed 23936K, reserved 1073152K
  class space    used 3312K, committed 3456K, reserved 1048576K
}
Event: 3.829 GC heap after
{Heap after GC invocations=7 (full 0):
 garbage-first heap   total 55296K, used 12165K [0x0000000705a00000, 0x0000000800000000)
  region size 2048K, 1 young (2048K), 1 survivors (2048K)
 Metaspace       used 23622K, committed 23936K, reserved 1073152K
  class space    used 3312K, committed 3456K, reserved 1048576K
}
Event: 4.004 GC heap before
{Heap before GC invocations=7 (full 0):
 garbage-first heap   total 55296K, used 36741K [0x0000000705a00000, 0x0000000800000000)
  region size 2048K, 13 young (26624K), 1 survivors (2048K)
 Metaspace       used 25471K, committed 25856K, reserved 1073152K
  class space    used 3522K, committed 3712K, reserved 1048576K
}
Event: 4.006 GC heap after
{Heap after GC invocations=8 (full 0):
 garbage-first heap   total 55296K, used 12987K [0x0000000705a00000, 0x0000000800000000)
  region size 2048K, 1 young (2048K), 1 survivors (2048K)
 Metaspace       used 25471K, committed 25856K, reserved 1073152K
  class space    used 3522K, committed 3712K, reserved 1048576K
}
Event: 4.275 GC heap before
{Heap before GC invocations=8 (full 0):
 garbage-first heap   total 55296K, used 39611K [0x0000000705a00000, 0x0000000800000000)
  region size 2048K, 14 young (28672K), 1 survivors (2048K)
 Metaspace       used 27679K, committed 27968K, reserved 1081344K
  class space    used 3835K, committed 3968K, reserved 1048576K
}
Event: 4.277 GC heap after
{Heap after GC invocations=9 (full 0):
 garbage-first heap   total 157696K, used 13301K [0x0000000705a00000, 0x0000000800000000)
  region size 2048K, 1 young (2048K), 1 survivors (2048K)
 Metaspace       used 27679K, committed 27968K, reserved 1081344K
  class space    used 3835K, committed 3968K, reserved 1048576K
}

Deoptimization events (20 events):
Event: 4.246 Thread 0x000002f949250b60 DEOPT PACKING pc=0x000002f95121e804 sp=0x000000ff7fdfb140
Event: 4.246 Thread 0x000002f949250b60 DEOPT UNPACKING pc=0x000002f950aa2b43 sp=0x000000ff7fdfa5d8 mode 1
Event: 4.247 Thread 0x000002f949250b60 DEOPT PACKING pc=0x000002f9511867dc sp=0x000000ff7fdfb210
Event: 4.247 Thread 0x000002f949250b60 DEOPT UNPACKING pc=0x000002f950aa2b43 sp=0x000000ff7fdfa6c8 mode 1
Event: 4.247 Thread 0x000002f949250b60 DEOPT PACKING pc=0x000002f95121e804 sp=0x000000ff7fdfb210
Event: 4.247 Thread 0x000002f949250b60 DEOPT UNPACKING pc=0x000002f950aa2b43 sp=0x000000ff7fdfa6a8 mode 1
Event: 4.247 Thread 0x000002f949250b60 DEOPT PACKING pc=0x000002f9511867dc sp=0x000000ff7fdfb2e0
Event: 4.247 Thread 0x000002f949250b60 DEOPT UNPACKING pc=0x000002f950aa2b43 sp=0x000000ff7fdfa798 mode 1
Event: 4.251 Thread 0x000002f949250b60 DEOPT PACKING pc=0x000002f95121e804 sp=0x000000ff7fdfabf0
Event: 4.251 Thread 0x000002f949250b60 DEOPT UNPACKING pc=0x000002f950aa2b43 sp=0x000000ff7fdfa088 mode 1
Event: 4.252 Thread 0x000002f949250b60 DEOPT PACKING pc=0x000002f9511867dc sp=0x000000ff7fdfacc0
Event: 4.252 Thread 0x000002f949250b60 DEOPT UNPACKING pc=0x000002f950aa2b43 sp=0x000000ff7fdfa178 mode 1
Event: 4.252 Thread 0x000002f949250b60 DEOPT PACKING pc=0x000002f9512b4fbc sp=0x000000ff7fdfb6a0
Event: 4.252 Thread 0x000002f949250b60 DEOPT UNPACKING pc=0x000002f950aa2b43 sp=0x000000ff7fdfab90 mode 1
Event: 4.252 Thread 0x000002f949250b60 DEOPT PACKING pc=0x000002f95121e804 sp=0x000000ff7fdfabf0
Event: 4.252 Thread 0x000002f949250b60 DEOPT UNPACKING pc=0x000002f950aa2b43 sp=0x000000ff7fdfa088 mode 1
Event: 4.253 Thread 0x000002f949250b60 DEOPT PACKING pc=0x000002f9511867dc sp=0x000000ff7fdfacc0
Event: 4.253 Thread 0x000002f949250b60 DEOPT UNPACKING pc=0x000002f950aa2b43 sp=0x000000ff7fdfa178 mode 1
Event: 4.253 Thread 0x000002f949250b60 DEOPT PACKING pc=0x000002f9512b4fbc sp=0x000000ff7fdfb6a0
Event: 4.253 Thread 0x000002f949250b60 DEOPT UNPACKING pc=0x000002f950aa2b43 sp=0x000000ff7fdfab90 mode 1

Classes unloaded (0 events):
No events

Classes redefined (2 events):
Event: 2.423 Thread 0x000002f96bfd13e0 redefined class name=com.java.student.fee.management.service.StudentDetailsService, count=1
Event: 57.393 Thread 0x000002f96bfd13e0 redefined class name=com.java.student.fee.management.mapper.MobileNumberDeserializer, count=1

Internal exceptions (20 events):
Event: 2.641 Thread 0x000002f949250b60 Exception <a 'java/lang/ClassNotFoundException'{0x0000000710229338}: javax/smartcardio/CardPermission> (0x0000000710229338) 
thrown [t:\workspace\open\src\hotspot\share\classfile\systemDictionary.cpp, line 256]
Event: 2.644 Thread 0x000002f949250b60 Exception <a 'java/io/FileNotFoundException'{0x000000071023c718}> (0x000000071023c718) 
thrown [t:\workspace\open\src\hotspot\share\prims\jni.cpp, line 516]
Event: 2.667 Thread 0x000002f949250b60 Implicit null exception at 0x000002f958595558 to 0x000002f9585955ee
Event: 2.676 Thread 0x000002f949250b60 Exception <a 'java/lang/NoSuchMethodError'{0x000000071006ead8}: 'int java.lang.invoke.DirectMethodHandle$Holder.invokeStaticInit(java.lang.Object, java.lang.Object, java.lang.Object)'> (0x000000071006ead8) 
thrown [t:\workspace\open\src\hotspot\share\interpreter\linkResolver.cpp, line 766]
Event: 2.683 Thread 0x000002f949250b60 Exception <a 'java/lang/IncompatibleClassChangeError'{0x00000007100e5670}: Found class java.lang.Object, but interface was expected> (0x00000007100e5670) 
thrown [t:\workspace\open\src\hotspot\share\interpreter\linkResolver.cpp, line 833]
Event: 2.943 Thread 0x000002f949250b60 Exception <a 'java/lang/NoSuchMethodError'{0x000000070eb644b8}: 'void java.lang.invoke.DirectMethodHandle$Holder.invokeVirtual(java.lang.Object, java.lang.Object, java.lang.Object, java.lang.Object)'> (0x000000070eb644b8) 
thrown [t:\workspace\open\src\hotspot\share\interpreter\linkResolver.cpp, line 766]
Event: 3.033 Thread 0x000002f949250b60 Exception <a 'java/lang/IncompatibleClassChangeError'{0x000000070e02bc70}: Found class java.lang.Object, but interface was expected> (0x000000070e02bc70) 
thrown [t:\workspace\open\src\hotspot\share\interpreter\linkResolver.cpp, line 833]
Event: 3.042 Thread 0x000002f949250b60 Exception <a 'java/lang/NoSuchMethodError'{0x000000070e056ae8}: 'java.lang.Object java.lang.invoke.DirectMethodHandle$Holder.newInvokeSpecial(java.lang.Object, java.lang.Object, java.lang.Object, int, java.lang.Object)'> (0x000000070e056ae8) 
thrown [t:\workspace\open\src\hotspot\share\interpreter\linkResolver.cpp, line 766]
Event: 3.043 Thread 0x000002f949250b60 Exception <a 'java/lang/NoSuchMethodError'{0x000000070e05eea0}: 'java.lang.Object java.lang.invoke.Invokers$Holder.linkToTargetMethod(java.lang.Object, java.lang.Object, int, java.lang.Object, java.lang.Object)'> (0x000000070e05eea0) 
thrown [t:\workspace\open\src\hotspot\share\interpreter\linkResolver.cpp, line 766]
Event: 3.157 Thread 0x000002f949250b60 Exception <a 'java/lang/NoSuchMethodError'{0x000000070db2f5f8}: 'java.lang.Object java.lang.invoke.DirectMethodHandle$Holder.invokeInterface(java.lang.Object, java.lang.Object, java.lang.Object, java.lang.Object)'> (0x000000070db2f5f8) 
thrown [t:\workspace\open\src\hotspot\share\interpreter\linkResolver.cpp, line 766]
Event: 3.379 Thread 0x000002f949250b60 Exception <a 'java/lang/NoSuchMethodError'{0x000000070c72f408}: 'void java.lang.invoke.DirectMethodHandle$Holder.invokeStatic(java.lang.Object, java.lang.Object, java.lang.Object, java.lang.Object, java.lang.Object, java.lang.Object)'> (0x000000070c72f408) 
thrown [t:\workspace\open\src\hotspot\share\interpreter\linkResolver.cpp, line 766]
Event: 3.473 Thread 0x000002f949250b60 Exception <a 'java/lang/NoSuchMethodError'{0x000000071545f110}: 'int java.lang.invoke.DirectMethodHandle$Holder.invokeSpecial(java.lang.Object, java.lang.Object, java.lang.Object, java.lang.Object, java.lang.Object)'> (0x000000071545f110) 
thrown [t:\workspace\open\src\hotspot\share\interpreter\linkResolver.cpp, line 766]
Event: 3.735 Thread 0x000002f949250b60 Implicit null exception at 0x000002f9585afdca to 0x000002f9585afea0
Event: 4.060 Thread 0x000002f949250b60 Exception <a 'java/lang/NoSuchMethodError'{0x0000000714fa6868}: 'long java.lang.invoke.DirectMethodHandle$Holder.invokeSpecial(java.lang.Object, java.lang.Object)'> (0x0000000714fa6868) 
thrown [t:\workspace\open\src\hotspot\share\interpreter\linkResolver.cpp, line 766]
Event: 4.065 Thread 0x000002f949250b60 Exception <a 'java/lang/NoSuchMethodError'{0x0000000714fb1c88}: 'long java.lang.invoke.DirectMethodHandle$Holder.invokeStatic(java.lang.Object, java.lang.Object)'> (0x0000000714fb1c88) 
thrown [t:\workspace\open\src\hotspot\share\interpreter\linkResolver.cpp, line 766]
Event: 4.065 Thread 0x000002f949250b60 Exception <a 'java/lang/NoSuchMethodError'{0x0000000714fb57d8}: 'long java.lang.invoke.DirectMethodHandle$Holder.invokeStaticInit(java.lang.Object, java.lang.Object)'> (0x0000000714fb57d8) 
thrown [t:\workspace\open\src\hotspot\share\interpreter\linkResolver.cpp, line 766]
Event: 4.069 Thread 0x000002f949250b60 Exception <a 'java/lang/NoSuchMethodError'{0x0000000714fc38d0}: 'long java.lang.invoke.DirectMethodHandle$Holder.invokeInterface(java.lang.Object, java.lang.Object)'> (0x0000000714fc38d0) 
thrown [t:\workspace\open\src\hotspot\share\interpreter\linkResolver.cpp, line 766]
Event: 4.069 Thread 0x000002f949250b60 Exception <a 'java/lang/IncompatibleClassChangeError'{0x0000000714fc73b0}: Found class java.lang.Object, but interface was expected> (0x0000000714fc73b0) 
thrown [t:\workspace\open\src\hotspot\share\interpreter\linkResolver.cpp, line 833]
Event: 4.086 Thread 0x000002f949250b60 Exception <a 'java/lang/NoSuchMethodError'{0x0000000708721278}: 'java.lang.Object java.lang.invoke.DirectMethodHandle$Holder.invokeVirtual(java.lang.Object, java.lang.Object, java.lang.Object, java.lang.Object)'> (0x0000000708721278) 
thrown [t:\workspace\open\src\hotspot\share\interpreter\linkResolver.cpp, line 766]
Event: 4.426 Thread 0x000002f949250b60 Exception <a 'java/lang/NoSuchMethodError'{0x000000070e4e3298}: 'int java.lang.invoke.DirectMethodHandle$Holder.invokeStatic(java.lang.Object, java.lang.Object, int)'> (0x000000070e4e3298) 
thrown [t:\workspace\open\src\hotspot\share\interpreter\linkResolver.cpp, line 766]

VM Operations (20 events):
Event: 27.516 Executing VM operation: get/set locals
Event: 27.516 Executing VM operation: get/set locals done
Event: 27.517 Executing VM operation: get/set locals
Event: 27.517 Executing VM operation: get/set locals done
Event: 27.518 Executing VM operation: get/set locals
Event: 27.518 Executing VM operation: get/set locals done
Event: 27.518 Executing VM operation: get/set locals
Event: 27.518 Executing VM operation: get/set locals done
Event: 27.519 Executing VM operation: get/set locals
Event: 27.519 Executing VM operation: get/set locals done
Event: 27.527 Executing VM operation: get/set locals
Event: 27.528 Executing VM operation: get/set locals done
Event: 27.528 Executing VM operation: get/set locals
Event: 27.529 Executing VM operation: get/set locals done
Event: 57.380 Executing VM operation: ChangeSingleStep
Event: 57.381 Executing VM operation: ChangeSingleStep done
Event: 57.381 Executing VM operation: ChangeSingleStep
Event: 57.381 Executing VM operation: ChangeSingleStep done
Event: 57.390 Executing VM operation: RedefineClasses
Event: 57.399 Executing VM operation: RedefineClasses done

Events (20 events):
Event: 4.416 loading class com/fasterxml/jackson/core/exc/InputCoercionException
Event: 4.416 loading class com/fasterxml/jackson/core/exc/InputCoercionException done
Event: 4.416 loading class com/fasterxml/jackson/core/io/JsonEOFException
Event: 4.416 loading class com/fasterxml/jackson/core/io/JsonEOFException done
Event: 4.417 loading class com/fasterxml/jackson/core/JsonStreamContext
Event: 4.417 loading class com/fasterxml/jackson/core/JsonStreamContext done
Event: 4.417 loading class com/fasterxml/jackson/core/json/JsonReadContext
Event: 4.417 loading class com/fasterxml/jackson/core/json/JsonReadContext done
Event: 4.418 loading class com/fasterxml/jackson/core/StreamReadCapability
Event: 4.418 loading class com/fasterxml/jackson/core/StreamReadCapability done
Event: 4.419 loading class com/fasterxml/jackson/core/util/JacksonFeatureSet
Event: 4.419 loading class com/fasterxml/jackson/core/util/JacksonFeatureSet done
Event: 4.419 loading class com/fasterxml/jackson/core/JsonToken
Event: 4.419 loading class com/fasterxml/jackson/core/JsonToken done
Event: 4.420 loading class org/apache/commons/lang3/StringUtils
Event: 4.420 loading class org/apache/commons/lang3/StringUtils done
Event: 9.578 Thread 0x000002f96e367020 Thread exited: 0x000002f96e367020
Event: 9.765 Thread 0x000002f96c4081f0 Thread exited: 0x000002f96c4081f0
Event: 12.065 loading class java/util/regex/Pattern$LazyLoop
Event: 12.065 loading class java/util/regex/Pattern$LazyLoop done


Dynamic libraries:
0x00007ff73f9c0000 - 0x00007ff73f9ce000 	C:\softwares\jdk-17.0.2\bin\javaw.exe
0x00007ffda36b0000 - 0x00007ffda38c6000 	C:\WINDOWS\SYSTEM32\ntdll.dll
0x00007ffda1400000 - 0x00007ffda14c4000 	C:\WINDOWS\System32\KERNEL32.DLL
0x00007ffda0d50000 - 0x00007ffda10f6000 	C:\WINDOWS\System32\KERNELBASE.dll
0x00007ffda0bb0000 - 0x00007ffda0cc1000 	C:\WINDOWS\System32\ucrtbase.dll
0x00007ffd982a0000 - 0x00007ffd982b8000 	C:\softwares\jdk-17.0.2\bin\jli.dll
0x00007ffd8b5d0000 - 0x00007ffd8b5ea000 	C:\softwares\jdk-17.0.2\bin\VCRUNTIME140.dll
0x00007ffda33e0000 - 0x00007ffda358d000 	C:\WINDOWS\System32\USER32.dll
0x00007ffd80620000 - 0x00007ffd808b3000 	C:\WINDOWS\WinSxS\amd64_microsoft.windows.common-controls_6595b64144ccf1df_6.0.22621.3235_none_270f74e173860f98\COMCTL32.dll
0x00007ffda3330000 - 0x00007ffda33d7000 	C:\WINDOWS\System32\msvcrt.dll
0x00007ffda13d0000 - 0x00007ffda13f6000 	C:\WINDOWS\System32\win32u.dll
0x00007ffda2b70000 - 0x00007ffda2b99000 	C:\WINDOWS\System32\GDI32.dll
0x00007ffda09f0000 - 0x00007ffda0b08000 	C:\WINDOWS\System32\gdi32full.dll
0x00007ffda0b10000 - 0x00007ffda0baa000 	C:\WINDOWS\System32\msvcp_win.dll
0x00007ffda2dc0000 - 0x00007ffda2df1000 	C:\WINDOWS\System32\IMM32.DLL
0x0000000068000000 - 0x0000000068072000 	C:\WINDOWS\System32\QIPCAP64.dll
0x00007ffda2220000 - 0x00007ffda22d2000 	C:\WINDOWS\System32\ADVAPI32.dll
0x00007ffda2ed0000 - 0x00007ffda2f78000 	C:\WINDOWS\System32\sechost.dll
0x00007ffda13a0000 - 0x00007ffda13c8000 	C:\WINDOWS\System32\bcrypt.dll
0x00007ffda2ca0000 - 0x00007ffda2db5000 	C:\WINDOWS\System32\RPCRT4.dll
0x00007ffda14d0000 - 0x00007ffda1d2d000 	C:\WINDOWS\System32\SHELL32.dll
0x00007ffd9f1c0000 - 0x00007ffd9f2b9000 	C:\WINDOWS\SYSTEM32\DNSAPI.dll
0x00007ffd9f190000 - 0x00007ffd9f1bd000 	C:\WINDOWS\SYSTEM32\IPHLPAPI.DLL
0x00007ffda2640000 - 0x00007ffda2649000 	C:\WINDOWS\System32\NSI.dll
0x00007ffd993f0000 - 0x00007ffd993fc000 	C:\softwares\jdk-17.0.2\bin\vcruntime140_1.dll
0x00007ffd696b0000 - 0x00007ffd6973d000 	C:\softwares\jdk-17.0.2\bin\msvcp140.dll
0x00007ffd2f520000 - 0x00007ffd300e1000 	C:\softwares\jdk-17.0.2\bin\server\jvm.dll
0x00007ffda2210000 - 0x00007ffda2218000 	C:\WINDOWS\System32\PSAPI.DLL
0x00007ffd36180000 - 0x00007ffd36189000 	C:\WINDOWS\SYSTEM32\WSOCK32.dll
0x00007ffd99c90000 - 0x00007ffd99cc4000 	C:\WINDOWS\SYSTEM32\WINMM.dll
0x00007ffda2090000 - 0x00007ffda2101000 	C:\WINDOWS\System32\WS2_32.dll
0x00007ffd993c0000 - 0x00007ffd993ca000 	C:\WINDOWS\SYSTEM32\VERSION.dll
0x00007ffd9f9f0000 - 0x00007ffd9fa08000 	C:\WINDOWS\SYSTEM32\kernel.appcore.dll
0x00007ffd98170000 - 0x00007ffd9817a000 	C:\softwares\jdk-17.0.2\bin\jimage.dll
0x00007ffd9df30000 - 0x00007ffd9e163000 	C:\WINDOWS\SYSTEM32\DBGHELP.DLL
0x00007ffda1d90000 - 0x00007ffda1e67000 	C:\WINDOWS\System32\OLEAUT32.dll
0x000002f9485d0000 - 0x000002f948958000 	C:\WINDOWS\System32\combase.dll
0x00007ffd8b470000 - 0x00007ffd8b4a2000 	C:\WINDOWS\SYSTEM32\dbgcore.DLL
0x000002f948960000 - 0x000002f9489da000 	C:\WINDOWS\System32\bcryptPrimitives.dll
0x00007ffd6c510000 - 0x00007ffd6c54b000 	C:\softwares\jdk-17.0.2\bin\jdwp.dll
0x00007ffd95fa0000 - 0x00007ffd95fae000 	C:\softwares\jdk-17.0.2\bin\instrument.dll
0x00007ffd8a7b0000 - 0x00007ffd8a7d5000 	C:\softwares\jdk-17.0.2\bin\java.dll
0x00007ffd5d970000 - 0x00007ffd5da46000 	C:\softwares\jdk-17.0.2\bin\jsvml.dll
0x00007ffd9e640000 - 0x00007ffd9ef38000 	C:\WINDOWS\SYSTEM32\windows.storage.dll
0x00007ffd9e500000 - 0x00007ffd9e63e000 	C:\WINDOWS\SYSTEM32\wintypes.dll
0x00007ffda2ba0000 - 0x00007ffda2c93000 	C:\WINDOWS\System32\SHCORE.dll
0x00007ffda1d30000 - 0x00007ffda1d8e000 	C:\WINDOWS\System32\shlwapi.dll
0x00007ffda0920000 - 0x00007ffda0946000 	C:\WINDOWS\SYSTEM32\profapi.dll
0x00007ffd8a9b0000 - 0x00007ffd8a9bc000 	C:\softwares\jdk-17.0.2\bin\dt_socket.dll
0x00007ffd9ffa0000 - 0x00007ffda0009000 	C:\WINDOWS\system32\mswsock.dll
0x00007ffd99c80000 - 0x00007ffd99c8a000 	C:\Windows\System32\rasadhlp.dll
0x00007ffd99990000 - 0x00007ffd99a13000 	C:\WINDOWS\System32\fwpuclnt.dll
0x00007ffd8a800000 - 0x00007ffd8a818000 	C:\softwares\jdk-17.0.2\bin\zip.dll
0x00007ffd86b20000 - 0x00007ffd86b39000 	C:\softwares\jdk-17.0.2\bin\net.dll
0x00007ffd9fa10000 - 0x00007ffd9fb47000 	C:\WINDOWS\SYSTEM32\WINHTTP.dll
0x00007ffd85340000 - 0x00007ffd85356000 	C:\softwares\jdk-17.0.2\bin\nio.dll
0x00007ffd8a9a0000 - 0x00007ffd8a9b0000 	C:\softwares\jdk-17.0.2\bin\verify.dll
0x00007ffd9b260000 - 0x00007ffd9b279000 	C:\WINDOWS\SYSTEM32\dhcpcsvc6.DLL
0x00007ffd9b020000 - 0x00007ffd9b03f000 	C:\WINDOWS\SYSTEM32\dhcpcsvc.DLL
0x00007ffda0580000 - 0x00007ffda059b000 	C:\WINDOWS\SYSTEM32\CRYPTSP.dll
0x00007ffd9f950000 - 0x00007ffd9f985000 	C:\WINDOWS\system32\rsaenh.dll
0x00007ffda0040000 - 0x00007ffda006c000 	C:\WINDOWS\SYSTEM32\USERENV.dll
0x00007ffda0560000 - 0x00007ffda056c000 	C:\WINDOWS\SYSTEM32\CRYPTBASE.dll

dbghelp: loaded successfully - version: 4.0.5 - missing functions: none
symbol engine: initialized successfully - sym options: 0x614 - pdb path: .;C:\softwares\jdk-17.0.2\bin;C:\WINDOWS\SYSTEM32;C:\WINDOWS\WinSxS\amd64_microsoft.windows.common-controls_6595b64144ccf1df_6.0.22621.3235_none_270f74e173860f98;C:\softwares\jdk-17.0.2\bin\server

VM Arguments:
jvm_args: -XX:+ShowCodeDetailsInExceptionMessages -agentlib:jdwp=transport=dt_socket,suspend=y,address=localhost:59872 -ea -javaagent:C:\Users\SupratimC\eclipse\java-2023-09\eclipse\configuration\org.eclipse.osgi\252\0\.cp\lib\javaagent-shaded.jar -Dfile.encoding=UTF-8 -Dstdout.encoding=UTF-8 -Dstderr.encoding=UTF-8 
java_command: org.eclipse.jdt.internal.junit.runner.RemoteTestRunner -version 3 -port 59871 -testLoaderClass org.eclipse.jdt.internal.junit5.runner.JUnit5TestLoader -loaderpluginname org.eclipse.jdt.junit5.runtime -classNames com.java.student.fee.management.controller.StudentDetailsControllerTest
java_class_path (initial): C:\Personal Workspace\student-fee-management\target\test-classes;C:\Personal Workspace\student-fee-management\target\classes;C:\Users\SupratimC\.p2\pool\plugins\org.junit_4.13.2.v20230809-1000.jar;C:\Users\SupratimC\.p2\pool\plugins\org.hamcrest_2.2.0.jar;C:\Users\SupratimC\.p2\pool\plugins\org.hamcrest.core_2.2.0.v20230809-1000.jar;C:\Users\SupratimC\.m2\repository\org\springframework\boot\spring-boot-starter-web\3.1.0\spring-boot-starter-web-3.1.0.jar;C:\Users\SupratimC\.m2\repository\org\springframework\boot\spring-boot-starter\3.1.0\spring-boot-starter-3.1.0.jar;C:\Users\SupratimC\.m2\repository\org\springframework\boot\spring-boot\3.1.0\spring-boot-3.1.0.jar;C:\Users\SupratimC\.m2\repository\org\springframework\boot\spring-boot-autoconfigure\3.1.0\spring-boot-autoconfigure-3.1.0.jar;C:\Users\SupratimC\.m2\repository\org\springframework\boot\spring-boot-starter-logging\3.1.0\spring-boot-starter-logging-3.1.0.jar;C:\Users\SupratimC\.m2\repository\ch\qos\logback\logback-classic\1.4.7\logback-classic-1.4.7.jar;C:\Users\SupratimC\.m2\repository\ch\qos\logback\logback-core\1.4.7\logback-core-1.4.7.jar;C:\Users\SupratimC\.m2\repository\org\apache\logging\log4j\log4j-to-slf4j\2.20.0\log4j-to-slf4j-2.20.0.jar;C:\Users\SupratimC\.m2\repository\org\apache\logging\log4j\log4j-api\2.20.0\log4j-api-2.20.0.jar;C:\Users\SupratimC\.m2\repository\org\slf4j\jul-to-slf4j\2.0.7\jul-to-slf4j-2.0.7.jar;C:\Users\SupratimC\.m2\repository\jakarta\annotation\jakarta.annotation-api\2.1.1\jakarta.annotation-api-2.1.1.jar;C:\Users\SupratimC\.m2\repository\org\yaml\snakeyaml\1.33\snakeyaml-1.33.jar;C:\Users\SupratimC\.m2\repository\org\springframework\boot\spring-boot-starter-json\3.1.0\spring-boot-starter-json-3.1.0.jar;C:\Users\SupratimC\.m2\repository\com\fasterxml\jackson\core\jackson-databind\2.15.0\jackson-databind-2.15.0.jar;C:\Users\SupratimC\.m2\repository\com\fasterxml\jackson\core\jackson-annotations\2.15.0\jackson-annotations-2.15.0.jar;C:\Users\Supra
Launcher Type: SUN_STANDARD

[Global flags]
     intx CICompilerCount                          = 4                                         {product} {ergonomic}
     uint ConcGCThreads                            = 3                                         {product} {ergonomic}
     uint G1ConcRefinementThreads                  = 10                                        {product} {ergonomic}
   size_t G1HeapRegionSize                         = 2097152                                   {product} {ergonomic}
    uintx GCDrainStackTargetSize                   = 64                                        {product} {ergonomic}
   size_t InitialHeapSize                          = 264241152                                 {product} {ergonomic}
   size_t MarkStackSize                            = 4194304                                   {product} {ergonomic}
   size_t MaxHeapSize                              = 4200595456                                {product} {ergonomic}
   size_t MaxNewSize                               = 2518679552                                {product} {ergonomic}
   size_t MinHeapDeltaBytes                        = 2097152                                   {product} {ergonomic}
   size_t MinHeapSize                              = 8388608                                   {product} {ergonomic}
    uintx NonNMethodCodeHeapSize                   = 5839372                                {pd product} {ergonomic}
    uintx NonProfiledCodeHeapSize                  = 122909434                              {pd product} {ergonomic}
    uintx ProfiledCodeHeapSize                     = 122909434                              {pd product} {ergonomic}
    uintx ReservedCodeCacheSize                    = 251658240                              {pd product} {ergonomic}
     bool SegmentedCodeCache                       = true                                      {product} {ergonomic}
     bool ShowCodeDetailsInExceptionMessages       = true                                   {manageable} {command line}
   size_t SoftMaxHeapSize                          = 4200595456                             {manageable} {ergonomic}
     bool UseCompressedClassPointers               = true                           {product lp64_product} {ergonomic}
     bool UseCompressedOops                        = true                           {product lp64_product} {ergonomic}
     bool UseG1GC                                  = true                                      {product} {ergonomic}
     bool UseLargePagesIndividualAllocation        = false                                  {pd product} {ergonomic}

Logging:
Log output configuration:
 #0: stdout all=warning uptime,level,tags
 #1: stderr all=off uptime,level,tags

Environment Variables:
JAVA_HOME=C:\softwares\jdk-17.0.2
PATH=C:/Users/SupratimC/.p2/pool/plugins/org.eclipse.justj.openjdk.hotspot.jre.full.win32.x86_64_20.0.2.v20230801-2057/jre/bin/server;C:/Users/SupratimC/.p2/pool/plugins/org.eclipse.justj.openjdk.hotspot.jre.full.win32.x86_64_20.0.2.v20230801-2057/jre/bin;C:\Program Files\Microsoft\jdk-11.0.18.10-hotspot\bin;C:\windows\system32;C:\windows;C:\windows\System32\Wbem;C:\windows\System32\WindowsPowerShell\v1.0\;C:\windows\System32\OpenSSH\;C:\Program Files\WindowsPowerShell\Scripts;C:\softwares\apache-maven-3.9.0\bin;C:\softwares\jdk-17.0.2\bin;C:\WINDOWS\system32;C:\WINDOWS;C:\WINDOWS\System32\Wbem;C:\WINDOWS\System32\WindowsPowerShell\v1.0\;C:\WINDOWS\System32\OpenSSH\;C:\Program Files\TortoiseGit\bin;C:\Users\SupratimC\AppData\Local\Microsoft\WindowsApps;C:\Users\SupratimC\AppData\Local\Programs\Azure Data Studio\bin;C:\Users\SupratimC\AppData\Local\Programs\Git\cmd;C:\Users\SupratimC\eclipse\java-2023-09\eclipse;
USERNAME=SupratimC
OS=Windows_NT
PROCESSOR_IDENTIFIER=Intel64 Family 6 Model 154 Stepping 4, GenuineIntel



---------------  S Y S T E M  ---------------

OS:
 Windows 11 , 64 bit Build 22621 (10.0.22621.3235)
OS uptime: 0 days 9:23 hours
Hyper-V role detected

CPU: total 12 (initial active 12) (6 cores per cpu, 2 threads per core) family 6 model 154 stepping 4 microcode 0x430, cx8, cmov, fxsr, ht, mmx, 3dnowpref, sse, sse2, sse3, ssse3, sse4.1, sse4.2, popcnt, lzcnt, tsc, tscinvbit, avx, avx2, aes, erms, clmul, bmi1, bmi2, adx, sha, fma, vzeroupper, clflush, clflushopt, clwb, hv

Memory: 4k page, system-wide physical 16016M (3640M free)
TotalPageFile size 27792M (AvailPageFile size 11277M)
current process WorkingSet (physical memory assigned to process): 149M, peak: 317M
current process commit charge ("private bytes"): 298M, peak: 468M

vm_info: OpenJDK 64-Bit Server VM (17.0.2+8-86) for windows-amd64 JRE (17.0.2+8-86), built on Dec  7 2021 21:49:10 by "mach5one" with MS VC++ 16.8 / 16.9 (VS2019)

END.
